0 info it worked if it ends with ok
1 verbose cli [ '/usr/bin/node', '/usr/bin/npm', 'start' ]
2 info using npm@3.3.6
3 info using node@v4.1.2
4 verbose run-script [ 'prestart', 'start', 'poststart' ]
5 info lifecycle mean-auth@~prestart: mean-auth@
6 silly lifecycle mean-auth@~prestart: no script for prestart, continuing
7 info lifecycle mean-auth@~start: mean-auth@
8 verbose lifecycle mean-auth@~start: unsafe-perm in lifecycle true
9 verbose lifecycle mean-auth@~start: PATH: /usr/lib/node_modules/npm/bin/node-gyp-bin:/home/bingrewards/webDevelopment/testLogin/mean-auth-1/node_modules/.bin:/usr/local/sbin:/usr/local/bin:/usr/bin:/usr/bin/site_perl:/usr/bin/vendor_perl:/usr/bin/core_perl
10 verbose lifecycle mean-auth@~start: CWD: /home/bingrewards/webDevelopment/testLogin/mean-auth-1
11 silly lifecycle mean-auth@~start: Args: [ '-c', 'node server/server.js' ]
12 silly lifecycle mean-auth@~start: Returned: code: 1  signal: null
13 info lifecycle mean-auth@~start: Failed to exec start script
14 verbose stack Error: mean-auth@ start: `node server/server.js`
14 verbose stack Exit status 1
14 verbose stack     at EventEmitter.<anonymous> (/usr/lib/node_modules/npm/lib/utils/lifecycle.js:233:16)
14 verbose stack     at emitTwo (events.js:87:13)
14 verbose stack     at EventEmitter.emit (events.js:172:7)
14 verbose stack     at ChildProcess.<anonymous> (/usr/lib/node_modules/npm/lib/utils/spawn.js:24:14)
14 verbose stack     at emitTwo (events.js:87:13)
14 verbose stack     at ChildProcess.emit (events.js:172:7)
14 verbose stack     at maybeClose (internal/child_process.js:818:16)
14 verbose stack     at Process.ChildProcess._handle.onexit (internal/child_process.js:211:5)
15 verbose pkgid mean-auth@
16 verbose cwd /home/bingrewards/webDevelopment/testLogin/mean-auth-1
17 error Linux 3.12.33-1-ARCH
18 error argv "/usr/bin/node" "/usr/bin/npm" "start"
19 error node v4.1.2
20 error npm  v3.3.6
21 error code ELIFECYCLE
22 error mean-auth@ start: `node server/server.js`
22 error Exit status 1
23 error Failed at the mean-auth@ start script 'node server/server.js'.
23 error This is most likely a problem with the mean-auth package,
23 error not with npm itself.
23 error Tell the author that this fails on your system:
23 error     node server/server.js
23 error You can get their info via:
23 error     npm owner ls mean-auth
23 error There is likely additional logging output above.
24 verbose exit [ 1, true ]
